2024-05-14 19:27:38,973 - order_logger - ERROR - Login failed for user
2024-05-14 19:27:40,076 - order_logger - ERROR - Login failed for user
2024-05-14 19:39:20,365 - order_logger - INFO - Order created successfully for user ID 0
2024-05-14 19:39:33,992 - order_logger - INFO - Order created successfully for user ID 0
2024-05-14 19:39:35,791 - order_logger - INFO - Order created successfully for user ID 0
2024-05-14 19:39:36,184 - order_logger - INFO - Order created successfully for user ID 0
2024-05-14 19:39:36,477 - order_logger - INFO - Order created successfully for user ID 0
2024-05-14 19:39:36,692 - order_logger - INFO - Order created successfully for user ID 0
2024-05-14 19:39:37,235 - order_logger - INFO - Order created successfully for user ID 0
2024-05-14 19:39:37,650 - order_logger - INFO - Order created successfully for user ID 0
2024-05-14 19:39:38,463 - order_logger - INFO - Order created successfully for user ID 0
2024-05-14 19:42:40,177 - order_logger - INFO - Order (532457,) created successfully for user ID 0
2024-05-14 19:42:40,494 - order_logger - INFO - Order (697518,) created successfully for user ID 0
2024-05-14 19:42:42,170 - order_logger - INFO - Order (687255,) created successfully for user ID 0
2024-05-14 19:42:42,418 - order_logger - INFO - Order (373825,) created successfully for user ID 0
2024-05-14 19:44:09,206 - order_logger - INFO - Order (217102,) created successfully for user ID 0
2024-05-14 19:44:11,281 - order_logger - INFO - Order (567319,) created successfully for user ID 0
2024-05-14 19:44:11,476 - order_logger - INFO - Order (464777,) created successfully for user ID 0
2024-05-14 19:44:11,815 - order_logger - INFO - Order (4332,) created successfully for user ID 0
2024-05-14 19:44:12,100 - order_logger - INFO - Order (401608,) created successfully for user ID 0
2024-05-14 19:47:00,878 - order_logger - INFO - Order (614214,) created successfully for user ID 0
2024-05-14 19:47:01,112 - order_logger - INFO - Order (378393,) created successfully for user ID 0
2024-05-14 19:47:01,272 - order_logger - INFO - Order (964306,) created successfully for user ID 0
2024-05-14 19:47:01,460 - order_logger - INFO - Order (752607,) created successfully for user ID 0
2024-05-14 19:47:05,103 - order_logger - INFO - Order (941701,) created successfully for user ID 0
2024-05-14 19:47:05,272 - order_logger - INFO - Order (530502,) created successfully for user ID 0
2024-05-14 19:47:05,546 - order_logger - INFO - Order (887533,) created successfully for user ID 0
2024-05-14 19:47:05,939 - order_logger - ERROR - Failed to create order for user ID 0: Item not available
2024-05-14 19:48:18,561 - order_logger - INFO - Order 909756 created successfully for user ID 0
2024-05-14 19:48:19,047 - order_logger - INFO - Order 63447 created successfully for user ID 0
2024-05-14 19:48:19,321 - order_logger - INFO - Order 647205 created successfully for user ID 0
2024-05-14 19:48:19,513 - order_logger - ERROR - Failed to create order for user ID 0: Item not available
2024-05-14 19:48:19,666 - order_logger - INFO - Order 374541 created successfully for user ID 0
2024-05-14 19:48:19,835 - order_logger - ERROR - Failed to create order for user ID 0: Unauthorized
2024-05-14 19:48:19,987 - order_logger - INFO - Order 820069 created successfully for user ID 0
2024-05-14 19:48:20,167 - order_logger - ERROR - Failed to create order for user ID 0: Unauthorized
2024-05-14 19:48:20,329 - order_logger - ERROR - Failed to create order for user ID 0: Server Error
2024-05-14 19:48:20,594 - order_logger - INFO - Order 540259 created successfully for user ID 0
2024-05-14 19:48:20,771 - order_logger - INFO - Order 235313 created successfully for user ID 0
2024-05-14 19:48:20,936 - order_logger - ERROR - Failed to create order for user ID 0: Server Error
2024-05-14 19:48:21,088 - order_logger - INFO - Order 93910 created successfully for user ID 0
2024-05-14 19:48:21,386 - order_logger - INFO - Order 398222 created successfully for user ID 0
2024-05-14 19:48:21,542 - order_logger - INFO - Order 948383 created successfully for user ID 0
2024-05-14 19:51:21,491 - order_logger - INFO - Create Order - Order 185989 created successfully for user ID 0
2024-05-14 19:51:21,744 - order_logger - ERROR - Create Order - Failed to create order for user ID 0: Item not available
2024-05-14 19:51:21,913 - order_logger - ERROR - Create Order - Failed to create order for user ID 0: Unauthorized
2024-05-14 19:51:22,062 - order_logger - ERROR - Create Order - Failed to create order for user ID 0: Item not available
2024-05-14 19:51:22,398 - order_logger - INFO - Create Order - Order 923910 created successfully for user ID 0
2024-05-14 19:51:22,556 - order_logger - ERROR - Create Order - Failed to create order for user ID 0: Item not available
2024-05-14 19:51:22,723 - order_logger - ERROR - Create Order - Failed to create order for user ID 0: Server Error
2024-05-14 19:51:22,910 - order_logger - ERROR - Create Order - Failed to create order for user ID 0: Server Error
2024-05-14 19:51:23,060 - order_logger - ERROR - Create Order - Failed to create order for user ID 0: Item not available
2024-05-14 19:51:23,217 - order_logger - ERROR - Create Order - Failed to create order for user ID 0: Unauthorized
2024-05-14 19:51:23,369 - order_logger - INFO - Create Order - Order 910803 created successfully for user ID 0
2024-05-14 19:51:23,546 - order_logger - INFO - Create Order - Order 383226 created successfully for user ID 0
2024-05-14 19:51:23,683 - order_logger - INFO - Create Order - Order 185616 created successfully for user ID 0
2024-05-14 19:52:09,808 - order_logger - INFO - Create Order - Order 131040 created successfully for user ID 0
2024-05-14 19:52:09,939 - order_logger - INFO - Create Order - Order 188480 created successfully for user ID 0
2024-05-14 19:52:10,082 - order_logger - ERROR - Create Order - Failed to create order for user ID 0: Unauthorized
2024-05-14 19:52:11,474 - order_logger - INFO - Create Order - Order 40303 created successfully for user ID 0
2024-05-14 19:52:11,639 - order_logger - INFO - Create Order - Order 554373 created successfully for user ID 0
2024-05-14 19:52:11,830 - order_logger - ERROR - Create Order - Failed to create order for user ID 0: Item not available
2024-05-14 19:52:11,997 - order_logger - INFO - Create Order - Order 565842 created successfully for user ID 0
2024-05-14 19:52:12,286 - order_logger - ERROR - Create Order - Failed to create order for user ID 0: Unauthorized
2024-05-14 19:52:36,028 - order_logger - ERROR - Create Order - Failed to create order for user ID 0: Server Error
2024-05-14 19:52:36,185 - order_logger - INFO - Create Order - Order 351131 created successfully for user ID 0
2024-05-14 19:52:36,349 - order_logger - INFO - Create Order - Order 818613 created successfully for user ID 0
2024-05-14 20:00:34,121 - order_logger - ERROR - Update Order - Failed to update order 0 for user ID 0: Order not available
2024-05-14 20:00:34,531 - order_logger - ERROR - Update Order - Failed to update order 0 for user ID 0: Order not available
2024-05-14 20:00:35,041 - order_logger - ERROR - Update Order - Failed to update order 0 for user ID 0: User not authorized to perform this action.
2024-05-14 20:00:35,622 - order_logger - ERROR - Update Order - Updated order 0 for user ID 0 successfully.
2024-05-14 20:00:35,921 - order_logger - ERROR - Update Order - Failed to update order 0 for user ID 0: Order not available
2024-05-14 20:00:36,198 - order_logger - ERROR - Update Order - Failed to update order 0 for user ID 0: Order not available
2024-05-14 20:00:36,436 - order_logger - ERROR - Update Order - Updated order 0 for user ID 0 successfully.
2024-05-14 20:00:36,644 - order_logger - ERROR - Update Order - Updated order 0 for user ID 0 successfully.
2024-05-14 20:00:36,824 - order_logger - ERROR - Update Order - Updated order 0 for user ID 0 successfully.
2024-05-14 20:00:37,003 - order_logger - ERROR - Update Order - Updated order 0 for user ID 0 successfully.
2024-05-14 20:00:37,166 - order_logger - ERROR - Update Order - Updated order 0 for user ID 0 successfully.
2024-05-14 20:00:37,336 - order_logger - ERROR - Update Order - Failed to update order 0 for user ID 0: Order not available
2024-05-14 20:00:37,478 - order_logger - ERROR - Update Order - Updated order 0 for user ID 0 successfully.
2024-05-14 20:00:37,917 - order_logger - ERROR - Update Order - Updated order 0 for user ID 0 successfully.
2024-05-14 20:00:38,201 - order_logger - ERROR - Update Order - Updated order 0 for user ID 0 successfully.
2024-05-14 20:00:38,451 - order_logger - ERROR - Update Order - Failed to update order 0 for user ID 0: User not authorized to perform this action.
2024-05-14 20:00:38,740 - order_logger - ERROR - Update Order - Failed to update order 0 for user ID 0: Order not available
2024-05-14 20:00:38,900 - order_logger - ERROR - Update Order - Failed to update order 0 for user ID 0: Order not available
2024-05-14 20:01:51,636 - order_logger - ERROR - Update Order - Updated order 2 for user ID 0 successfully.
2024-05-14 20:01:51,804 - order_logger - ERROR - Update Order - Failed to update order 0 for user ID 0: Order not available
2024-05-14 20:01:51,949 - order_logger - ERROR - Update Order - Failed to update order 0 for user ID 0: Order not available
2024-05-14 20:01:54,799 - order_logger - ERROR - Update Order - Failed to update order 0 for user ID 0: User not authorized to perform this action.
2024-05-14 20:01:54,969 - order_logger - ERROR - Update Order - Failed to update order 0 for user ID 0: Order not available
2024-05-14 20:01:55,136 - order_logger - ERROR - Update Order - Failed to update order 0 for user ID 0: Order not available
2024-05-14 20:01:55,301 - order_logger - ERROR - Update Order - Failed to update order 0 for user ID 0: Order not available
2024-05-14 20:01:55,455 - order_logger - ERROR - Update Order - Failed to update order 0 for user ID 0: Order not available
2024-05-14 20:01:55,614 - order_logger - ERROR - Update Order - Failed to update order 0 for user ID 0: Order not available
2024-05-14 20:01:55,773 - order_logger - ERROR - Update Order - Updated order 2 for user ID 0 successfully.
2024-05-14 20:01:55,921 - order_logger - ERROR - Update Order - Updated order 2 for user ID 0 successfully.
2024-05-14 20:01:56,101 - order_logger - ERROR - Update Order - Failed to update order 0 for user ID 0: User not authorized to perform this action.
2024-05-14 20:08:47,099 - order_logger - ERROR - Update Order - Failed to update order 0 for user ID 0: Order not available
2024-05-14 20:08:47,343 - order_logger - INFO - Update Order - Successfully updated order 2 for user ID 0.
2024-05-14 20:08:47,523 - order_logger - ERROR - Update Order - Failed to update order 0 for user ID 0: Order not available
2024-05-14 20:08:47,707 - order_logger - INFO - Update Order - Successfully updated order 2 for user ID 0.
2024-05-14 20:08:47,897 - order_logger - ERROR - Update Order - Failed to update order 0 for user ID 0: Order not available
2024-05-14 20:08:48,083 - order_logger - ERROR - Update Order - Failed to update order 0 for user ID 0: Order not available
2024-05-14 20:08:48,237 - order_logger - ERROR - Update Order - Failed to update order 0 for user ID 0: Order not available
2024-05-14 20:08:48,393 - order_logger - ERROR - Update Order - Failed to update order 0 for user ID 0: Order not available
2024-05-14 20:08:48,577 - order_logger - ERROR - Update Order - Failed to update order 0 for user ID 0: Order not available
2024-05-14 20:08:48,724 - order_logger - ERROR - Update Order - Failed to update order 0 for user ID 0: User not authorized to perform this action.
2024-05-14 20:08:48,903 - order_logger - INFO - Update Order - Successfully updated order 2 for user ID 0.
2024-05-14 20:08:49,076 - order_logger - ERROR - Update Order - Failed to update order 0 for user ID 0: Order not available
2024-05-14 20:08:49,244 - order_logger - INFO - Update Order - Successfully updated order 2 for user ID 0.
2024-05-14 20:08:49,447 - order_logger - INFO - Update Order - Successfully updated order 2 for user ID 0.
2024-05-14 20:21:52,412 - order_logger - INFO - Delete Order - Successfully deleted order 1000
2024-05-14 20:21:56,735 - order_logger - INFO - Delete Order - Successfully deleted order 1000
2024-05-14 20:21:57,473 - order_logger - ERROR - Delete Order - Failed to delete order 1000 by user ID 0: Server Error
2024-05-14 20:21:58,206 - order_logger - INFO - Delete Order - Successfully deleted order 1000
2024-05-14 20:21:58,735 - order_logger - ERROR - Delete Order - Failed to delete order 1000 by user ID 0: Server Error
2024-05-14 20:21:59,302 - order_logger - INFO - Delete Order - Successfully deleted order 1000
2024-05-14 20:21:59,782 - order_logger - ERROR - Delete Order - Failed to delete order 1000 by user ID 0: Server Error
2024-05-14 20:21:59,952 - order_logger - INFO - Delete Order - Successfully deleted order 1000
2024-05-14 20:22:00,135 - order_logger - ERROR - Delete Order - Failed to delete order 0 by user ID 0: Order not found
2024-05-14 20:22:00,287 - order_logger - ERROR - Delete Order - Failed to delete order 0 by user ID 0: Order not found
2024-05-14 20:22:00,447 - order_logger - INFO - Delete Order - Successfully deleted order 1000
2024-05-14 20:22:00,622 - order_logger - ERROR - Delete Order - Failed to delete order 1000 by user ID 0: Server Error
2024-05-14 20:22:00,802 - order_logger - INFO - Delete Order - Successfully deleted order 1000
2024-05-14 20:22:01,086 - order_logger - INFO - Delete Order - Successfully deleted order 1000
2024-05-14 20:22:01,253 - order_logger - ERROR - Delete Order - Failed to delete order 1000 by user ID 0: Server Error
2024-05-14 20:22:32,842 - order_logger - ERROR - Get Order - Failed to get order 234: Order not found
2024-05-14 20:22:34,610 - order_logger - ERROR - Get Order - Failed to get order 234: Server Error
2024-05-14 20:22:35,394 - order_logger - INFO - Get Order - Successfully retrieved order 234
2024-05-14 20:22:36,251 - order_logger - ERROR - Get Order - Failed to get order 234: Order not found
2024-05-14 20:22:36,737 - order_logger - ERROR - Get Order - Failed to get order 234: Order not found
2024-05-14 20:22:37,085 - order_logger - ERROR - Get Order - Failed to get order 234: Order not found
2024-05-14 20:22:37,384 - order_logger - INFO - Get Order - Successfully retrieved order 234
2024-05-14 20:22:37,584 - order_logger - ERROR - Get Order - Failed to get order 234: Order not found
2024-05-14 20:22:38,234 - order_logger - INFO - Get Order - Successfully retrieved order 234
2024-05-14 20:22:38,430 - order_logger - INFO - Get Order - Successfully retrieved order 234
2024-05-14 20:22:38,600 - order_logger - ERROR - Get Order - Failed to get order 234: Order not found
2024-05-14 21:18:21,011 - order_logger - ERROR - Create Order - Failed to create order by user ID 0: Unauthorized
2024-05-14 21:18:21,148 - order_logger - ERROR - Create Order - Failed to create order by user ID 0: Item not available
2024-05-14 21:18:21,327 - order_logger - INFO - Create Order - Order 136361 created successfully for user ID 0
2024-05-14 21:18:21,491 - order_logger - ERROR - Create Order - Failed to create order by user ID 0: Unauthorized
2024-05-14 21:18:21,647 - order_logger - INFO - Create Order - Order 759974 created successfully for user ID 0
2024-05-14 21:18:21,793 - order_logger - ERROR - Create Order - Failed to create order by user ID 0: Unauthorized
2024-05-14 21:18:24,207 - order_logger - INFO - Create Order - Order 242530 created successfully for user ID 0
2024-05-14 21:18:24,378 - order_logger - INFO - Create Order - Order 179018 created successfully for user ID 0
2024-05-14 21:18:24,567 - order_logger - ERROR - Create Order - Failed to create order by user ID 0: Unauthorized
2024-05-14 21:18:24,725 - order_logger - INFO - Create Order - Order 666076 created successfully for user ID 0
2024-05-14 21:18:24,853 - order_logger - ERROR - Create Order - Failed to create order by user ID 0: Unauthorized
2024-05-14 21:21:49,393 - order_logger - ERROR - Create Order - Failed to create order by user ID 0: Item not available
2024-05-14 21:21:49,739 - order_logger - ERROR - Create Order - Failed to create order by user ID 0: Unauthorized
2024-05-14 21:21:49,881 - order_logger - INFO - Create Order - Order 806603 created successfully for user ID 0
2024-05-14 21:21:50,233 - order_logger - INFO - Create Order - Order 17856 created successfully for user ID 0
2024-05-14 21:21:50,471 - order_logger - INFO - Create Order - Order 105932 created successfully for user ID 0
2024-05-14 21:21:50,649 - order_logger - ERROR - Create Order - Failed to create order by user ID 0: Server Error
{"level": "error", "log_string": "Create Order - Failed to create order by user ID 0: Item not available", "timestamp": "2024-05-15T08:03:29Z", "metadata": {"source": "../logs/order/app.log"}}
{"level": "error", "log_string": "Create Order - Failed to create order by user ID 0: Unauthorized", "timestamp": "2024-05-15T08:03:32Z", "metadata": {"source": "../logs/order/app.log"}}
{"level": "info", "log_string": "Create Order - Order 990413 created successfully for user ID 0", "timestamp": "2024-05-15T08:03:32Z", "metadata": {"source": "../logs/order/app.log"}}
{"level": "info", "log_string": "Create Order - Order 633096 created successfully for user ID 0", "timestamp": "2024-05-15T08:03:32Z", "metadata": {"source": "../logs/order/app.log"}}
{"level": "info", "log_string": "Create Order - Order 824055 created successfully for user ID 0", "timestamp": "2024-05-15T08:03:32Z", "metadata": {"source": "../logs/order/app.log"}}
{"level": "error", "log_string": "Create Order - Failed to create order by user ID 0: Item not available", "timestamp": "2024-05-15T08:03:32Z", "metadata": {"source": "../logs/order/app.log"}}
{"level": "info", "log_string": "Create Order - Order 257782 created successfully for user ID 0", "timestamp": "2024-05-15T08:03:33Z", "metadata": {"source": "../logs/order/app.log"}}
{"level": "error", "log_string": "Create Order - Failed to create order by user ID 0: Server Error", "timestamp": "2024-05-15T08:03:33Z", "metadata": {"source": "../logs/order/app.log"}}
{"level": "info", "log_string": "Create Order - Order 987029 created successfully for user ID 0", "timestamp": "2024-05-15T10:51:03Z", "metadata": {"source": "./logs/order/app.log"}}
{"level": "error", "log_string": "Create Order - Failed to create order by user ID 10033: Server Error", "timestamp": "2024-05-15T10:51:24Z", "metadata": {"source": "./logs/order/app.log"}}
{"level": "error", "log_string": "Create Order - Failed to create order by user ID 10033: Item not available", "timestamp": "2024-05-15T10:51:26Z", "metadata": {"source": "./logs/order/app.log"}}
{"level": "info", "log_string": "Create Order - Order 890087 created successfully for user ID 10033", "timestamp": "2024-05-15T10:51:27Z", "metadata": {"source": "./logs/order/app.log"}}
{"level": "error", "log_string": "Get Order - Failed to get order 234: Server Error", "timestamp": "2024-05-15T10:52:03Z", "metadata": {"source": "./logs/order/app.log"}}
{"level": "error", "log_string": "Get Order - Failed to get order 234: Server Error", "timestamp": "2024-05-15T10:52:05Z", "metadata": {"source": "./logs/order/app.log"}}
{"level": "info", "log_string": "Get Order - Successfully retrieved order 234", "timestamp": "2024-05-15T10:52:06Z", "metadata": {"source": "./logs/order/app.log"}}
{"level": "error", "log_string": "Update Order - Failed to update order 0 by user ID 0: Server Error", "timestamp": "2024-05-15T10:52:39Z", "metadata": {"source": "./logs/order/app.log"}}
{"level": "info", "log_string": "Update Order - Successfully updated order 12345 by user ID 0.", "timestamp": "2024-05-15T10:52:42Z", "metadata": {"source": "./logs/order/app.log"}}
{"level": "error", "log_string": "Update Order - Failed to update order 0 by user ID 0: Unauthorized", "timestamp": "2024-05-15T10:52:42Z", "metadata": {"source": "./logs/order/app.log"}}
{"level": "info", "log_string": "Update Order - Successfully updated order 12345 by user ID 0.", "timestamp": "2024-05-15T10:52:43Z", "metadata": {"source": "./logs/order/app.log"}}
{"level": "error", "log_string": "Update Order - Failed to update order 0 by user ID 0: Order not found", "timestamp": "2024-05-15T10:52:44Z", "metadata": {"source": "./logs/order/app.log"}}
{"level": "error", "log_string": "Update Order - Failed to update order 0 by user ID 0: Order not found", "timestamp": "2024-05-15T10:52:44Z", "metadata": {"source": "./logs/order/app.log"}}
{"level": "error", "log_string": "Update Order - Failed to update order 0 by user ID 0: Order not found", "timestamp": "2024-05-15T10:52:44Z", "metadata": {"source": "./logs/order/app.log"}}
{"level": "info", "log_string": "Update Order - Successfully updated order 12345 by user ID 0.", "timestamp": "2024-05-15T10:52:44Z", "metadata": {"source": "./logs/order/app.log"}}
{"level": "info", "log_string": "Update Order - Successfully updated order 12345 by user ID 0.", "timestamp": "2024-05-15T10:52:45Z", "metadata": {"source": "./logs/order/app.log"}}
{"level": "error", "log_string": "Delete Order - Failed to delete order 0 by user ID 0: Server Error", "timestamp": "2024-05-15T10:53:07Z", "metadata": {"source": "./logs/order/app.log"}}
{"level": "info", "log_string": "Delete Order - Successfully deleted order 123456", "timestamp": "2024-05-15T10:53:09Z", "metadata": {"source": "./logs/order/app.log"}}
{"level": "info", "log_string": "Delete Order - Successfully deleted order 123456", "timestamp": "2024-05-15T10:53:10Z", "metadata": {"source": "./logs/order/app.log"}}
{"level": "error", "log_string": "Delete Order - Failed to delete order 0 by user ID 0: Order not found", "timestamp": "2024-05-15T10:53:10Z", "metadata": {"source": "./logs/order/app.log"}}
{"level": "info", "log_string": "Delete Order - Successfully deleted order 123456", "timestamp": "2024-05-15T10:53:10Z", "metadata": {"source": "./logs/order/app.log"}}
{"level": "error", "log_string": "Delete Order - Failed to delete order 0 by user ID 0: Unauthorized", "timestamp": "2024-05-15T10:53:10Z", "metadata": {"source": "./logs/order/app.log"}}
